# project  configured on Mon Dec 28 17:10:27 2015 by
# waf 1.7.11 (abi 98, python 2070af0 on linux2)
# using /home/bogdan/.pebble-sdk/SDKs/current/sdk-core/pebble/waf configure
#
----------------------------------------
Setting top to
/home/bogdan/Dropbox/CS50/project/sfclock
----------------------------------------
Setting out to
/home/bogdan/Dropbox/CS50/project/sfclock/build
----------------------------------------
Found Pebble SDK for basalt in:
/home/bogdan/.pebble-sdk/SDKs/current/sdk-core/pebble/basalt
----------------------------------------
Checking for program gcc,cc
arm-none-eabi-gcc
find program=['gcc', 'cc'] paths='' var='CC' -> 'arm-none-eabi-gcc'
----------------------------------------
Checking for program ar
arm-none-eabi-gcc-ar
find program=['ar'] paths='' var='AR' -> 'arm-none-eabi-gcc-ar'
